====== Hasse subgroups of Sp_4(F_ell) ======
===== Prime  2 =====
[]
==== Hasse subgroups by Aschbacher type ====
==== Maximal subgroup : Type C_1 (a reducible subgroup) ====
No Hasse subgroups lie inside this maximal subgroup
==== Maximal subgroup : Type C_1 (a reducible subgroup) ====
No Hasse subgroups lie inside this maximal subgroup
==== Maximal subgroup : Type C_2, isomorphic to SL_2(ell)^2 : 2 ====
No Hasse subgroups lie inside this maximal subgroup
==== Maximal subgroup : S5 ====
No Hasse subgroups lie inside this maximal subgroup
==== Maximal subgroup : Type C_3, isomorphic to SL_2(ell^2):2 ====
No Hasse subgroups lie inside this maximal subgroup
==== Maximal subgroup : A6 ====
No Hasse subgroups lie inside this maximal subgroup
===== Prime  3 =====
[]
==== Hasse subgroups by Aschbacher type ====
==== Maximal subgroup : Type C_1 (a reducible subgroup) ====
No Hasse subgroups lie inside this maximal subgroup
==== Maximal subgroup : Type C_1 (a reducible subgroup) ====
No Hasse subgroups lie inside this maximal subgroup
==== Maximal subgroup : Type C_3, isomorphic to SL_2(ell^2):2 ====
No Hasse subgroups lie inside this maximal subgroup
==== Maximal subgroup : Type C_2, isomorphic to SL_2(ell)^2 : 2 ====
No Hasse subgroups lie inside this maximal subgroup
==== Maximal subgroup : Type C_6 ====
No Hasse subgroups lie inside this maximal subgroup
===== Prime  5 =====
[
    MatrixGroup(4, GF(5)) of order 2^3 * 3 * 5
    Generators:
        [2 3 3 1]
        [2 1 3 3]
        [3 1 4 2]
        [0 3 3 3]

        [0 3 4 2]
        [2 0 3 4]
        [1 3 3 2]
        [2 3 4 1]

        [4 0 0 0]
        [0 4 0 0]
        [0 0 4 0]
        [0 0 0 4],

    MatrixGroup(4, GF(5)) of order 2^5 * 5
    Generators:
        [3 4 0 0]
        [0 3 3 1]
        [2 3 4 3]
        [0 2 2 1]

        [1 0 0 0]
        [3 4 0 0]
        [2 0 4 0]
        [0 3 3 1]

        [3 0 0 0]
        [0 3 0 0]
        [4 3 2 0]
        [0 4 0 2]

        [1 2 1 0]
        [0 4 0 4]
        [0 0 4 2]
        [0 0 0 1]

        [1 1 0 0]
        [0 4 0 0]
        [3 0 4 1]
        [0 2 0 1]

        [4 0 0 0]
        [0 4 0 0]
        [0 0 4 0]
        [0 0 0 4]
]
==== Hasse subgroups by Aschbacher type ====
==== Maximal subgroup : C2.A6 ====
Number of maximal Hasse subgroups: 1
Orders: [ 120 ]
Group structures: [ SL(2,5) ]
Exponents: [ 60 ]
Element orders: [
    { 1, 2, 3, 4, 5, 6, 10 }
]
==== Maximal subgroup : Type C_2, isomorphic to GL_2(ell).2 ====
Number of maximal Hasse subgroups: 1
Orders: [ 32 ]
Group structures: [ C4.C2^3 ]
Exponents: [ 4 ]
Element orders: [
    { 1, 2, 4 }
]
==== Maximal subgroup : Type C_3, isomorphic to GU_2(ell).2 ====
Number of maximal Hasse subgroups: 1
Orders: [ 24 ]
Group structures: [ SL(2,3) ]
Exponents: [ 12 ]
Element orders: [
    { 1, 2, 3, 4, 6 }
]
==== Maximal subgroup : Type C_6 ====
Number of maximal Hasse subgroups: 1
Orders: [ 160 ]
Group structures: [ (C4.C2^3):C5 ]
Exponents: [ 20 ]
Element orders: [
    { 1, 2, 4, 5, 10 }
]
==== Maximal subgroup : Type C_3, isomorphic to SL_2(ell^2):2 ====
No Hasse subgroups lie inside this maximal subgroup
==== Maximal subgroup : Type C_1 (a reducible subgroup) ====
No Hasse subgroups lie inside this maximal subgroup
==== Maximal subgroup : Type C_1 (a reducible subgroup) ====
No Hasse subgroups lie inside this maximal subgroup
==== Maximal subgroup : Type C_2, isomorphic to SL_2(ell)^2 : 2 ====
Number of maximal Hasse subgroups: 1
Orders: [ 32 ]
Group structures: [ C4.C2^3 ]
Exponents: [ 4 ]
Element orders: [
    { 1, 2, 4 }
]
===== Prime  7 =====
[]
==== Hasse subgroups by Aschbacher type ====
==== Maximal subgroup : Cannot classify the given subgroup ====
No Hasse subgroups lie inside this maximal subgroup
==== Maximal subgroup : Type C_2, isomorphic to GL_2(ell).2 ====
No Hasse subgroups lie inside this maximal subgroup
==== Maximal subgroup : Type C_6 ====
No Hasse subgroups lie inside this maximal subgroup
==== Maximal subgroup : Type C_6 ====
No Hasse subgroups lie inside this maximal subgroup
==== Maximal subgroup : Type C_3, isomorphic to GU_2(ell).2 ====
No Hasse subgroups lie inside this maximal subgroup
==== Maximal subgroup : Type C_3, isomorphic to SL_2(ell^2):2 ====
No Hasse subgroups lie inside this maximal subgroup
==== Maximal subgroup : Type C_1 (a reducible subgroup) ====
No Hasse subgroups lie inside this maximal subgroup
==== Maximal subgroup : Type C_1 (a reducible subgroup) ====
No Hasse subgroups lie inside this maximal subgroup
==== Maximal subgroup : Type C_2, isomorphic to SL_2(ell)^2 : 2 ====
No Hasse subgroups lie inside this maximal subgroup
====== Hasse subgroups of GSp_4(F_ell) ======
===== Prime  2 =====
[]
==== Hasse subgroups by Aschbacher type ====
==== Maximal subgroup : Group of order 48 . The intersection with Sp_4 is 
described as follows: Type C_1 (a reducible subgroup) ====
No Hasse subgroups lie inside this maximal subgroup
==== Maximal subgroup : Group of order 48 . The intersection with Sp_4 is 
described as follows: Type C_1 (a reducible subgroup) ====
No Hasse subgroups lie inside this maximal subgroup
==== Maximal subgroup : Group of order 72 . The intersection with Sp_4 is 
described as follows: Type C_2, isomorphic to SL_2(ell)^2 : 2 ====
No Hasse subgroups lie inside this maximal subgroup
==== Maximal subgroup : Group of order 120 . The intersection with Sp_4 is 
described as follows: S5 ====
No Hasse subgroups lie inside this maximal subgroup
==== Maximal subgroup : Group of order 120 . The intersection with Sp_4 is 
described as follows: Type C_3, isomorphic to SL_2(ell^2):2 ====
No Hasse subgroups lie inside this maximal subgroup
==== Maximal subgroup : Group of order 360 . The intersection with Sp_4 is 
described as follows: A6 ====
No Hasse subgroups lie inside this maximal subgroup
===== Prime  3 =====
[]
==== Hasse subgroups by Aschbacher type ====
==== Maximal subgroup : Group of order 2592 . The intersection with Sp_4 is 
described as follows: Type C_1 (a reducible subgroup) ====
No Hasse subgroups lie inside this maximal subgroup
==== Maximal subgroup : Group of order 2592 . The intersection with Sp_4 is 
described as follows: Type C_1 (a reducible subgroup) ====
No Hasse subgroups lie inside this maximal subgroup
==== Maximal subgroup : Group of order 2880 . The intersection with Sp_4 is 
described as follows: Type C_3, isomorphic to SL_2(ell^2):2 ====
No Hasse subgroups lie inside this maximal subgroup
==== Maximal subgroup : Group of order 2304 . The intersection with Sp_4 is 
described as follows: Type C_2, isomorphic to SL_2(ell)^2 : 2 ====
No Hasse subgroups lie inside this maximal subgroup
==== Maximal subgroup : Group of order 3840 . The intersection with Sp_4 is 
described as follows: Type C_6 ====
No Hasse subgroups lie inside this maximal subgroup
===== Prime  5 =====
[
    MatrixGroup(4, GF(5)) of order 2^7
    Generators:
        [1 0 0 0]
        [0 4 0 0]
        [0 4 1 0]
        [0 0 0 4]

        [0 4 0 0]
        [0 0 0 1]
        [3 0 0 3]
        [0 1 3 0]

        [1 0 0 0]
        [0 3 0 0]
        [0 0 3 0]
        [0 0 0 4]

        [1 0 0 0]
        [0 4 0 0]
        [0 0 4 0]
        [0 0 0 1]

        [2 0 0 0]
        [0 3 0 0]
        [0 3 2 0]
        [0 0 0 3]

        [0 0 0 1]
        [0 3 4 0]
        [0 0 2 0]
        [4 0 0 0]

        [4 0 0 0]
        [0 4 0 0]
        [0 0 4 0]
        [0 0 0 4]
]
==== Hasse subgroups by Aschbacher type ====
==== Maximal subgroup : Group of order 2880 . The intersection with Sp_4 is 
described as follows: C2.A6 ====
No Hasse subgroups lie inside this maximal subgroup
==== Maximal subgroup : Group of order 3840 . The intersection with Sp_4 is 
described as follows: Type C_2, isomorphic to GL_2(ell).2 ====
Number of maximal Hasse subgroups: 1
Orders: [ 64 ]
Group structures: [ (C2*D4):C4 ]
Exponents: [ 4 ]
Element orders: [
    { 1, 2, 4 }
]
==== Maximal subgroup : Group of order 5760 . The intersection with Sp_4 is 
described as follows: Type C_3, isomorphic to GU_2(ell).2 ====
No Hasse subgroups lie inside this maximal subgroup
==== Maximal subgroup : Group of order 7680 . The intersection with Sp_4 is 
described as follows: Type C_6 ====
Number of maximal Hasse subgroups: 2
Orders: [ 128, 128 ]
Group structures: [ C2^2.D4.C2^2, C2^2.D4.C2^2 ]
Exponents: [ 4, 4 ]
Element orders: [
    { 1, 2, 4 },
    { 1, 2, 4 }
]
==== Maximal subgroup : Group of order 124800 . The intersection with Sp_4 is 
described as follows: Type C_3, isomorphic to SL_2(ell^2):2 ====
No Hasse subgroups lie inside this maximal subgroup
==== Maximal subgroup : Group of order 240000 . The intersection with Sp_4 is 
described as follows: Type C_1 (a reducible subgroup) ====
No Hasse subgroups lie inside this maximal subgroup
==== Maximal subgroup : Group of order 240000 . The intersection with Sp_4 is 
described as follows: Type C_1 (a reducible subgroup) ====
No Hasse subgroups lie inside this maximal subgroup
==== Maximal subgroup : Group of order 115200 . The intersection with Sp_4 is 
described as follows: Type C_2, isomorphic to SL_2(ell)^2 : 2 ====
Number of maximal Hasse subgroups: 1
Orders: [ 128 ]
Group structures: [ (C2*D4).C2^3 ]
Exponents: [ 4 ]
Element orders: [
    { 1, 2, 4 }
]
===== Prime  7 =====
[
    MatrixGroup(4, GF(7)) of order 2^3 * 3^3
    Generators:
        [6 1 3 4]
        [3 1 3 2]
        [6 5 3 6]
        [2 0 6 4]

        [2 6 3 6]
        [3 3 4 5]
        [5 3 6 5]
        [0 3 1 3]

        [4 0 0 0]
        [0 4 0 0]
        [0 0 4 0]
        [0 0 0 4]

        [6 0 0 0]
        [0 6 0 0]
        [0 0 6 0]
        [0 0 0 6]

        [4 0 0 3]
        [2 0 2 5]
        [1 3 2 6]
        [0 2 3 2]

        [2 5 4 4]
        [0 3 5 4]
        [0 3 3 2]
        [0 0 0 4]
]
==== Hasse subgroups by Aschbacher type ====
==== Maximal subgroup : Group of order 2016 . The intersection with Sp_4 is 
described as follows: Type S, isomorphic to SL_2(ell) ====
No Hasse subgroups lie inside this maximal subgroup
==== Maximal subgroup : Group of order 30240 . The intersection with Sp_4 is 
described as follows: Cannot classify the given subgroup ====
No Hasse subgroups lie inside this maximal subgroup
==== Maximal subgroup : Group of order 24192 . The intersection with Sp_4 is 
described as follows: Type C_2, isomorphic to GL_2(ell).2 ====
Number of maximal Hasse subgroups: 2
Orders: [ 216, 216 ]
Group structures: [ C6*S3^2, C6*S3^2 ]
Exponents: [ 6, 6 ]
Element orders: [
    { 1, 2, 3, 6 },
    { 1, 2, 3, 6 }
]
==== Maximal subgroup : Group of order 32256 . The intersection with Sp_4 is 
described as follows: Type C_3, isomorphic to GU_2(ell).2 ====
No Hasse subgroups lie inside this maximal subgroup
==== Maximal subgroup : Group of order 1411200 . The intersection with Sp_4 is 
described as follows: Type C_3, isomorphic to SL_2(ell^2):2 ====
No Hasse subgroups lie inside this maximal subgroup
==== Maximal subgroup : Group of order 4148928 . The intersection with Sp_4 is 
described as follows: Type C_1 (a reducible subgroup) ====
No Hasse subgroups lie inside this maximal subgroup
==== Maximal subgroup : Group of order 4148928 . The intersection with Sp_4 is 
described as follows: Type C_1 (a reducible subgroup) ====
No Hasse subgroups lie inside this maximal subgroup
==== Maximal subgroup : Group of order 1354752 . The intersection with Sp_4 is 
described as follows: Type C_2, isomorphic to SL_2(ell)^2 : 2 ====
Number of maximal Hasse subgroups: 1
Orders: [ 216 ]
Group structures: [ C6*S3^2 ]
Exponents: [ 6 ]
Element orders: [
    { 1, 2, 3, 6 }
]
====== Hasse subgroups of Sp_4(F_ell) ======
===== Prime  2 =====
==== Maximal subgroup : Type C_1 (a reducible subgroup) ====
No Hasse subgroups lie inside this maximal subgroup
==== Maximal subgroup : Type C_1 (a reducible subgroup) ====
No Hasse subgroups lie inside this maximal subgroup
==== Maximal subgroup : Type C_2, isomorphic to SL_2(ell)^2 : 2 ====
No Hasse subgroups lie inside this maximal subgroup
==== Maximal subgroup : Type C_3, isomorphic to SL_2(ell^2):2 ====
No Hasse subgroups lie inside this maximal subgroup
==== Maximal subgroup : S5 ====
No Hasse subgroups lie inside this maximal subgroup
==== Maximal subgroup : A6 ====
No Hasse subgroups lie inside this maximal subgroup
===== Prime  3 =====
==== Maximal subgroup : Type C_1 (a reducible subgroup) ====
No Hasse subgroups lie inside this maximal subgroup
==== Maximal subgroup : Type C_1 (a reducible subgroup) ====
No Hasse subgroups lie inside this maximal subgroup
==== Maximal subgroup : Type C_3, isomorphic to SL_2(ell^2):2 ====
No Hasse subgroups lie inside this maximal subgroup
==== Maximal subgroup : Type C_2, isomorphic to SL_2(ell)^2 : 2 ====
No Hasse subgroups lie inside this maximal subgroup
==== Maximal subgroup : Type C_6 ====
No Hasse subgroups lie inside this maximal subgroup
===== Prime  5 =====
==== Maximal subgroup : C2.A6 ====
Number of maximal Hasse subgroups: 1
Orders: [ 120 ]
Group structures: [ SL(2,5) ]
Exponents: [ 60 ]
Element orders: [
    { 1, 2, 3, 4, 5, 6, 10 }
]
==== Maximal subgroup : Type C_2, isomorphic to GL_2(ell).2 ====
Number of maximal Hasse subgroups: 1
Orders: [ 32 ]
Group structures: [ C4.C2^3 ]
Exponents: [ 4 ]
Element orders: [
    { 1, 2, 4 }
]
==== Maximal subgroup : Type C_3, isomorphic to GU_2(ell).2 ====
Number of maximal Hasse subgroups: 1
Orders: [ 24 ]
Group structures: [ SL(2,3) ]
Exponents: [ 12 ]
Element orders: [
    { 1, 2, 3, 4, 6 }
]
==== Maximal subgroup : Type C_6 ====
Number of maximal Hasse subgroups: 1
Orders: [ 160 ]
Group structures: [ (C4.C2^3):C5 ]
Exponents: [ 20 ]
Element orders: [
    { 1, 2, 4, 5, 10 }
]
==== Maximal subgroup : Type C_3, isomorphic to SL_2(ell^2):2 ====
No Hasse subgroups lie inside this maximal subgroup
==== Maximal subgroup : Type C_1 (a reducible subgroup) ====
No Hasse subgroups lie inside this maximal subgroup
==== Maximal subgroup : Type C_1 (a reducible subgroup) ====
No Hasse subgroups lie inside this maximal subgroup
==== Maximal subgroup : Type C_2, isomorphic to SL_2(ell)^2 : 2 ====
Number of maximal Hasse subgroups: 1
Orders: [ 32 ]
Group structures: [ C4.C2^3 ]
Exponents: [ 4 ]
Element orders: [
    { 1, 2, 4 }
]
===== Prime  7 =====
==== Maximal subgroup : Cannot classify the given subgroup ====
No Hasse subgroups lie inside this maximal subgroup
==== Maximal subgroup : Type C_2, isomorphic to GL_2(ell).2 ====
No Hasse subgroups lie inside this maximal subgroup
==== Maximal subgroup : Type C_6 ====
No Hasse subgroups lie inside this maximal subgroup
==== Maximal subgroup : Type C_6 ====
No Hasse subgroups lie inside this maximal subgroup
==== Maximal subgroup : Type C_3, isomorphic to GU_2(ell).2 ====
No Hasse subgroups lie inside this maximal subgroup
==== Maximal subgroup : Type C_3, isomorphic to SL_2(ell^2):2 ====
No Hasse subgroups lie inside this maximal subgroup
==== Maximal subgroup : Type C_1 (a reducible subgroup) ====
No Hasse subgroups lie inside this maximal subgroup
==== Maximal subgroup : Type C_1 (a reducible subgroup) ====
No Hasse subgroups lie inside this maximal subgroup
==== Maximal subgroup : Type C_2, isomorphic to SL_2(ell)^2 : 2 ====
No Hasse subgroups lie inside this maximal subgroup
===== Prime  11 =====
==== Maximal subgroup : Type S, isomorphic to SL_2(ell) ====
No Hasse subgroups lie inside this maximal subgroup
==== Maximal subgroup : C2.A6.C2 ====
No Hasse subgroups lie inside this maximal subgroup
==== Maximal subgroup : C2.A6.C2 ====
No Hasse subgroups lie inside this maximal subgroup
==== Maximal subgroup : Type C_6 ====
No Hasse subgroups lie inside this maximal subgroup
==== Maximal subgroup : Type C_2, isomorphic to GL_2(ell).2 ====
No Hasse subgroups lie inside this maximal subgroup
==== Maximal subgroup : Type C_3, isomorphic to GU_2(ell).2 ====
No Hasse subgroups lie inside this maximal subgroup
==== Maximal subgroup : Type C_3, isomorphic to SL_2(ell^2):2 ====
No Hasse subgroups lie inside this maximal subgroup
==== Maximal subgroup : Type C_1 (a reducible subgroup) ====
No Hasse subgroups lie inside this maximal subgroup
==== Maximal subgroup : Type C_1 (a reducible subgroup) ====
No Hasse subgroups lie inside this maximal subgroup
==== Maximal subgroup : Type C_2, isomorphic to SL_2(ell)^2 : 2 ====
No Hasse subgroups lie inside this maximal subgroup
===== Prime  13 =====
==== Maximal subgroup : Type S, isomorphic to SL_2(ell) ====
No Hasse subgroups lie inside this maximal subgroup
==== Maximal subgroup : C2.A6.C2 ====
Number of maximal Hasse subgroups: 1
Orders: [ 72 ]
Group structures: [ D6:S3 ]
Exponents: [ 12 ]
Element orders: [
    { 1, 2, 3, 4, 6 }
]
==== Maximal subgroup : C2.A6.C2 ====
Number of maximal Hasse subgroups: 1
Orders: [ 72 ]
Group structures: [ D6:S3 ]
Exponents: [ 12 ]
Element orders: [
    { 1, 2, 3, 4, 6 }
]
==== Maximal subgroup : Type C_6 ====
Number of maximal Hasse subgroups: 1
Orders: [ 96 ]
Group structures: [ D4.A4 ]
Exponents: [ 12 ]
Element orders: [
    { 1, 2, 3, 4, 6, 12 }
]
==== Maximal subgroup : Type C_3, isomorphic to GU_2(ell).2 ====
No Hasse subgroups lie inside this maximal subgroup
==== Maximal subgroup : Type C_2, isomorphic to GL_2(ell).2 ====
Number of maximal Hasse subgroups: 2
Orders: [ 288, 288 ]
Group structures: [ D12.A4, D12.D6 ]
Exponents: [ 12, 12 ]
Element orders: [
    { 1, 2, 3, 4, 6, 12 },
    { 1, 2, 3, 4, 6, 12 }
]
==== Maximal subgroup : Type C_3, isomorphic to SL_2(ell^2):2 ====
No Hasse subgroups lie inside this maximal subgroup
==== Maximal subgroup : Type C_1 (a reducible subgroup) ====
No Hasse subgroups lie inside this maximal subgroup
==== Maximal subgroup : Type C_1 (a reducible subgroup) ====
No Hasse subgroups lie inside this maximal subgroup
==== Maximal subgroup : Type C_2, isomorphic to SL_2(ell)^2 : 2 ====
Number of maximal Hasse subgroups: 2
Orders: [ 96, 288 ]
Group structures: [ D4.A4, D12.D6 ]
Exponents: [ 12, 12 ]
Element orders: [
    { 1, 2, 3, 4, 6, 12 },
    { 1, 2, 3, 4, 6, 12 }
]
===== Prime  17 =====
==== Maximal subgroup : C2.A6 ====
Number of maximal Hasse subgroups: 1
Orders: [ 48 ]
Group structures: [ C2.S4 ]
Exponents: [ 24 ]
Element orders: [
    { 1, 2, 3, 4, 6, 8 }
]
==== Maximal subgroup : Type S, isomorphic to SL_2(ell) ====
Number of maximal Hasse subgroups: 2
Orders: [ 48, 48 ]
Group structures: [ C2.S4, C2.S4 ]
Exponents: [ 24, 24 ]
Element orders: [
    { 1, 2, 3, 4, 6, 8 },
    { 1, 2, 3, 4, 6, 8 }
]
==== Maximal subgroup : Type C_6 ====
Number of maximal Hasse subgroups: 1
Orders: [ 256 ]
Group structures: [ C2.D4^2.C2 ]
Exponents: [ 8 ]
Element orders: [
    { 1, 2, 4, 8 }
]
==== Maximal subgroup : Type C_6 ====
Number of maximal Hasse subgroups: 1
Orders: [ 256 ]
Group structures: [ C2.D4^2.C2 ]
Exponents: [ 8 ]
Element orders: [
    { 1, 2, 4, 8 }
]
==== Maximal subgroup : Type C_3, isomorphic to GU_2(ell).2 ====
Number of maximal Hasse subgroups: 1
Orders: [ 48 ]
Group structures: [ C2.S4 ]
Exponents: [ 24 ]
Element orders: [
    { 1, 2, 3, 4, 6, 8 }
]
==== Maximal subgroup : Type C_2, isomorphic to GL_2(ell).2 ====
Number of maximal Hasse subgroups: 1
Orders: [ 512 ]
Group structures: [ C4.D4^2.C2 ]
Exponents: [ 16 ]
Element orders: [
    { 1, 2, 4, 8, 16 }
]
==== Maximal subgroup : Type C_3, isomorphic to SL_2(ell^2):2 ====
No Hasse subgroups lie inside this maximal subgroup
==== Maximal subgroup : Type C_1 (a reducible subgroup) ====
No Hasse subgroups lie inside this maximal subgroup
==== Maximal subgroup : Type C_1 (a reducible subgroup) ====
No Hasse subgroups lie inside this maximal subgroup
==== Maximal subgroup : Type C_2, isomorphic to SL_2(ell)^2 : 2 ====
Number of maximal Hasse subgroups: 3
Orders: [ 1024, 1024, 1024 ]
Group structures: [ C8^2.C2^3.C2, C4^2.C2wrC2^2, C4^2.C2wrC2^2 ]
Exponents: [ 16, 16, 16 ]
Element orders: [
    { 1, 2, 4, 8, 16 },
    { 1, 2, 4, 8, 16 },
    { 1, 2, 4, 8, 16 }
]
===== Prime  19 =====
==== Maximal subgroup : C2.A6 ====
No Hasse subgroups lie inside this maximal subgroup
==== Maximal subgroup : Type S, isomorphic to SL_2(ell) ====
No Hasse subgroups lie inside this maximal subgroup
==== Maximal subgroup : Type C_6 ====
No Hasse subgroups lie inside this maximal subgroup
==== Maximal subgroup : Type C_2, isomorphic to GL_2(ell).2 ====
No Hasse subgroups lie inside this maximal subgroup
==== Maximal subgroup : Type C_3, isomorphic to GU_2(ell).2 ====
No Hasse subgroups lie inside this maximal subgroup
==== Maximal subgroup : Type C_3, isomorphic to SL_2(ell^2):2 ====
No Hasse subgroups lie inside this maximal subgroup
==== Maximal subgroup : Type C_1 (a reducible subgroup) ====
No Hasse subgroups lie inside this maximal subgroup
==== Maximal subgroup : Type C_1 (a reducible subgroup) ====
No Hasse subgroups lie inside this maximal subgroup
==== Maximal subgroup : Type C_2, isomorphic to SL_2(ell)^2 : 2 ====
No Hasse subgroups lie inside this maximal subgroup
===== Prime  23 =====
==== Maximal subgroup : Type S, isomorphic to SL_2(ell) ====
No Hasse subgroups lie inside this maximal subgroup
==== Maximal subgroup : C2.A6.C2 ====
No Hasse subgroups lie inside this maximal subgroup
==== Maximal subgroup : C2.A6.C2 ====
No Hasse subgroups lie inside this maximal subgroup
==== Maximal subgroup : Type C_6 ====
No Hasse subgroups lie inside this maximal subgroup
==== Maximal subgroup : Type C_6 ====
No Hasse subgroups lie inside this maximal subgroup
==== Maximal subgroup : Type C_2, isomorphic to GL_2(ell).2 ====
No Hasse subgroups lie inside this maximal subgroup
==== Maximal subgroup : Type C_3, isomorphic to GU_2(ell).2 ====
No Hasse subgroups lie inside this maximal subgroup
==== Maximal subgroup : Type C_3, isomorphic to SL_2(ell^2):2 ====
No Hasse subgroups lie inside this maximal subgroup
==== Maximal subgroup : Type C_1 (a reducible subgroup) ====
No Hasse subgroups lie inside this maximal subgroup
==== Maximal subgroup : Type C_1 (a reducible subgroup) ====
No Hasse subgroups lie inside this maximal subgroup
==== Maximal subgroup : Type C_2, isomorphic to SL_2(ell)^2 : 2 ====
No Hasse subgroups lie inside this maximal subgroup
===== Prime  29 =====
==== Maximal subgroup : C2.A6 ====
Number of maximal Hasse subgroups: 1
Orders: [ 24 ]
Group structures: [ SL(2,3) ]
Exponents: [ 12 ]
Element orders: [
    { 1, 2, 3, 4, 6 }
]
==== Maximal subgroup : Type S, isomorphic to SL_2(ell) ====
Number of maximal Hasse subgroups: 1
Orders: [ 24 ]
Group structures: [ SL(2,3) ]
Exponents: [ 12 ]
Element orders: [
    { 1, 2, 3, 4, 6 }
]
==== Maximal subgroup : Type C_6 ====
Number of maximal Hasse subgroups: 1
Orders: [ 32 ]
Group structures: [ C4.C2^3 ]
Exponents: [ 4 ]
Element orders: [
    { 1, 2, 4 }
]
==== Maximal subgroup : Type C_2, isomorphic to GL_2(ell).2 ====
Number of maximal Hasse subgroups: 1
Orders: [ 1568 ]
Group structures: [ C7^2:(C4.C2^3) ]
Exponents: [ 28 ]
Element orders: [
    { 1, 2, 4, 7, 14, 28 }
]
==== Maximal subgroup : Type C_3, isomorphic to GU_2(ell).2 ====
Number of maximal Hasse subgroups: 1
Orders: [ 24 ]
Group structures: [ SL(2,3) ]
Exponents: [ 12 ]
Element orders: [
    { 1, 2, 3, 4, 6 }
]
==== Maximal subgroup : Type C_3, isomorphic to SL_2(ell^2):2 ====
No Hasse subgroups lie inside this maximal subgroup
==== Maximal subgroup : Type C_1 (a reducible subgroup) ====
No Hasse subgroups lie inside this maximal subgroup
==== Maximal subgroup : Type C_1 (a reducible subgroup) ====
No Hasse subgroups lie inside this maximal subgroup
==== Maximal subgroup : Type C_2, isomorphic to SL_2(ell)^2 : 2 ====
Number of maximal Hasse subgroups: 1
Orders: [ 1568 ]
Group structures: [ C7^2:(C4.C2^3) ]
Exponents: [ 28 ]
Element orders: [
    { 1, 2, 4, 7, 14, 28 }
]
===== Prime  31 =====
==== Maximal subgroup : C2.A6 ====
No Hasse subgroups lie inside this maximal subgroup
==== Maximal subgroup : Type S, isomorphic to SL_2(ell) ====
No Hasse subgroups lie inside this maximal subgroup
==== Maximal subgroup : Type C_6 ====
No Hasse subgroups lie inside this maximal subgroup
==== Maximal subgroup : Type C_6 ====
No Hasse subgroups lie inside this maximal subgroup
==== Maximal subgroup : Type C_2, isomorphic to GL_2(ell).2 ====
No Hasse subgroups lie inside this maximal subgroup
==== Maximal subgroup : Type C_3, isomorphic to SL_2(ell^2):2 ====
No Hasse subgroups lie inside this maximal subgroup
==== Maximal subgroup : Type C_3, isomorphic to GU_2(ell).2 ====
No Hasse subgroups lie inside this maximal subgroup
==== Maximal subgroup : Type C_1 (a reducible subgroup) ====
No Hasse subgroups lie inside this maximal subgroup
==== Maximal subgroup : Type C_1 (a reducible subgroup) ====
No Hasse subgroups lie inside this maximal subgroup
==== Maximal subgroup : Type C_2, isomorphic to SL_2(ell)^2 : 2 ====
No Hasse subgroups lie inside this maximal subgroup
===== Prime  37 =====
==== Maximal subgroup : Type S, isomorphic to SL_2(ell) ====
No Hasse subgroups lie inside this maximal subgroup
==== Maximal subgroup : C2.A6.C2 ====
Number of maximal Hasse subgroups: 1
Orders: [ 72 ]
Group structures: [ D6:S3 ]
Exponents: [ 12 ]
Element orders: [
    { 1, 2, 3, 4, 6 }
]
==== Maximal subgroup : C2.A6.C2 ====
Number of maximal Hasse subgroups: 1
Orders: [ 72 ]
Group structures: [ D6:S3 ]
Exponents: [ 12 ]
Element orders: [
    { 1, 2, 3, 4, 6 }
]
==== Maximal subgroup : Type C_6 ====
Number of maximal Hasse subgroups: 1
Orders: [ 96 ]
Group structures: [ D4.A4 ]
Exponents: [ 12 ]
Element orders: [
    { 1, 2, 3, 4, 6, 12 }
]
==== Maximal subgroup : Type C_3, isomorphic to GU_2(ell).2 ====
No Hasse subgroups lie inside this maximal subgroup
==== Maximal subgroup : Type C_2, isomorphic to GL_2(ell).2 ====
Number of maximal Hasse subgroups: 2
Orders: [ 864, 2592 ]
Group structures: [ C18.(C2^2*A4), (C9*C18).C2^4 ]
Exponents: [ 36, 36 ]
Element orders: [
    { 1, 2, 3, 4, 6, 9, 12, 18, 36 },
    { 1, 2, 3, 4, 6, 9, 12, 18, 36 }
]
==== Maximal subgroup : Type C_3, isomorphic to SL_2(ell^2):2 ====
No Hasse subgroups lie inside this maximal subgroup
==== Maximal subgroup : Type C_1 (a reducible subgroup) ====
No Hasse subgroups lie inside this maximal subgroup
==== Maximal subgroup : Type C_1 (a reducible subgroup) ====
No Hasse subgroups lie inside this maximal subgroup
==== Maximal subgroup : Type C_2, isomorphic to SL_2(ell)^2 : 2 ====
Number of maximal Hasse subgroups: 2
Orders: [ 96, 2592 ]
Group structures: [ D4.A4, C18.D9.C2^3 ]
Exponents: [ 12, 36 ]
Element orders: [
    { 1, 2, 3, 4, 6, 12 },
    { 1, 2, 3, 4, 6, 9, 12, 18, 36 }
]
===== Prime  41 =====
==== Maximal subgroup : C2.A6 ====
Number of maximal Hasse subgroups: 2
Orders: [ 48, 120 ]
Group structures: [ C2.S4, SL(2,5) ]
Exponents: [ 24, 60 ]
Element orders: [
    { 1, 2, 3, 4, 6, 8 },
    { 1, 2, 3, 4, 5, 6, 10 }
]
==== Maximal subgroup : Type S, isomorphic to SL_2(ell) ====
Number of maximal Hasse subgroups: 4
Orders: [ 48, 48, 120, 120 ]
Group structures: [ C2.S4, C2.S4, SL(2,5), SL(2,5) ]
Exponents: [ 24, 24, 60, 60 ]
Element orders: [
    { 1, 2, 3, 4, 6, 8 },
    { 1, 2, 3, 4, 6, 8 },
    { 1, 2, 3, 4, 5, 6, 10 },
    { 1, 2, 3, 4, 5, 6, 10 }
]
==== Maximal subgroup : Type C_6 ====
Number of maximal Hasse subgroups: 2
Orders: [ 640, 256 ]
Group structures: [ C4.C2^3.F5, C4:Q8.C2^3 ]
Exponents: [ 40, 8 ]
Element orders: [
    { 1, 2, 4, 5, 8, 10 },
    { 1, 2, 4, 8 }
]
==== Maximal subgroup : Type C_6 ====
Number of maximal Hasse subgroups: 2
Orders: [ 640, 256 ]
Group structures: [ C4.C2^3.F5, C2.D4^2.C2 ]
Exponents: [ 40, 8 ]
Element orders: [
    { 1, 2, 4, 5, 8, 10 },
    { 1, 2, 4, 8 }
]
==== Maximal subgroup : Type C_3, isomorphic to GU_2(ell).2 ====
Number of maximal Hasse subgroups: 1
Orders: [ 48 ]
Group structures: [ C2.S4 ]
Exponents: [ 24 ]
Element orders: [
    { 1, 2, 3, 4, 6, 8 }
]
==== Maximal subgroup : Type C_2, isomorphic to GL_2(ell).2 ====
Number of maximal Hasse subgroups: 1
Orders: [ 3200 ]
Group structures: [ (C5*C10).D4^2 ]
Exponents: [ 40 ]
Element orders: [
    { 1, 2, 4, 5, 8, 10, 20, 40 }
]
==== Maximal subgroup : Type C_3, isomorphic to SL_2(ell^2):2 ====
No Hasse subgroups lie inside this maximal subgroup
==== Maximal subgroup : Type C_1 (a reducible subgroup) ====
No Hasse subgroups lie inside this maximal subgroup
==== Maximal subgroup : Type C_1 (a reducible subgroup) ====
No Hasse subgroups lie inside this maximal subgroup
==== Maximal subgroup : Type C_2, isomorphic to SL_2(ell)^2 : 2 ====
Number of maximal Hasse subgroups: 3
Orders: [ 6400, 6400, 6400 ]
Group structures: [ C20^2.C2^3.C2, C5^2.Q8^2.C2^2, C5^2.Q8^2.C2^2 ]
Exponents: [ 40, 40, 40 ]
Element orders: [
    { 1, 2, 4, 5, 8, 10, 20, 40 },
    { 1, 2, 4, 5, 8, 10, 20, 40 },
    { 1, 2, 4, 5, 8, 10, 20, 40 }
]
===== Prime  43 =====
==== Maximal subgroup : C2.A6 ====
No Hasse subgroups lie inside this maximal subgroup
==== Maximal subgroup : Type S, isomorphic to SL_2(ell) ====
No Hasse subgroups lie inside this maximal subgroup
==== Maximal subgroup : Type C_6 ====
No Hasse subgroups lie inside this maximal subgroup
==== Maximal subgroup : Type C_2, isomorphic to GL_2(ell).2 ====
No Hasse subgroups lie inside this maximal subgroup
==== Maximal subgroup : Type C_3, isomorphic to GU_2(ell).2 ====
No Hasse subgroups lie inside this maximal subgroup
==== Maximal subgroup : Type C_3, isomorphic to SL_2(ell^2):2 ====
No Hasse subgroups lie inside this maximal subgroup
==== Maximal subgroup : Type C_1 (a reducible subgroup) ====
No Hasse subgroups lie inside this maximal subgroup
==== Maximal subgroup : Type C_1 (a reducible subgroup) ====
No Hasse subgroups lie inside this maximal subgroup
==== Maximal subgroup : Type C_2, isomorphic to SL_2(ell)^2 : 2 ====
No Hasse subgroups lie inside this maximal subgroup
===== Prime  47 =====
==== Maximal subgroup : C2.A6.C2 ====
No Hasse subgroups lie inside this maximal subgroup
==== Maximal subgroup : C2.A6.C2 ====
No Hasse subgroups lie inside this maximal subgroup
==== Maximal subgroup : Type S, isomorphic to SL_2(ell) ====
No Hasse subgroups lie inside this maximal subgroup
==== Maximal subgroup : Type C_6 ====
No Hasse subgroups lie inside this maximal subgroup
==== Maximal subgroup : Type C_6 ====
No Hasse subgroups lie inside this maximal subgroup
==== Maximal subgroup : Type C_2, isomorphic to GL_2(ell).2 ====
No Hasse subgroups lie inside this maximal subgroup
==== Maximal subgroup : Type C_1 (a reducible subgroup) ====
No Hasse subgroups lie inside this maximal subgroup
==== Maximal subgroup : Type C_1 (a reducible subgroup) ====
No Hasse subgroups lie inside this maximal subgroup
==== Maximal subgroup : Type C_3, isomorphic to GU_2(ell).2 ====
No Hasse subgroups lie inside this maximal subgroup
==== Maximal subgroup : Type C_3, isomorphic to SL_2(ell^2):2 ====
No Hasse subgroups lie inside this maximal subgroup
==== Maximal subgroup : Type C_2, isomorphic to SL_2(ell)^2 : 2 ====
No Hasse subgroups lie inside this maximal subgroup
===== Prime  53 =====
==== Maximal subgroup : C2.A6 ====
Number of maximal Hasse subgroups: 1
Orders: [ 24 ]
Group structures: [ SL(2,3) ]
Exponents: [ 12 ]
Element orders: [
    { 1, 2, 3, 4, 6 }
]
==== Maximal subgroup : Type S, isomorphic to SL_2(ell) ====
Number of maximal Hasse subgroups: 1
Orders: [ 24 ]
Group structures: [ SL(2,3) ]
Exponents: [ 12 ]
Element orders: [
    { 1, 2, 3, 4, 6 }
]
==== Maximal subgroup : Type C_6 ====
Number of maximal Hasse subgroups: 1
Orders: [ 32 ]
Group structures: [ C4.C2^3 ]
Exponents: [ 4 ]
Element orders: [
    { 1, 2, 4 }
]
==== Maximal subgroup : Type C_2, isomorphic to GL_2(ell).2 ====
Number of maximal Hasse subgroups: 1
Orders: [ 5408 ]
Group structures: [ C13^2:(C4.C2^3) ]
Exponents: [ 52 ]
Element orders: [
    { 1, 2, 4, 13, 26, 52 }
]
==== Maximal subgroup : Type C_3, isomorphic to GU_2(ell).2 ====
Number of maximal Hasse subgroups: 1
Orders: [ 24 ]
Group structures: [ SL(2,3) ]
Exponents: [ 12 ]
Element orders: [
    { 1, 2, 3, 4, 6 }
]
==== Maximal subgroup : Type C_3, isomorphic to SL_2(ell^2):2 ====
No Hasse subgroups lie inside this maximal subgroup
==== Maximal subgroup : Type C_1 (a reducible subgroup) ====
No Hasse subgroups lie inside this maximal subgroup
==== Maximal subgroup : Type C_1 (a reducible subgroup) ====
No Hasse subgroups lie inside this maximal subgroup
==== Maximal subgroup : Type C_2, isomorphic to SL_2(ell)^2 : 2 ====
Number of maximal Hasse subgroups: 1
Orders: [ 5408 ]
Group structures: [ C13^2:(C4.C2^3) ]
Exponents: [ 52 ]
Element orders: [
    { 1, 2, 4, 13, 26, 52 }
]
===== Prime  59 =====
==== Maximal subgroup : Type S, isomorphic to SL_2(ell) ====
No Hasse subgroups lie inside this maximal subgroup
==== Maximal subgroup : C2.A6.C2 ====
No Hasse subgroups lie inside this maximal subgroup
==== Maximal subgroup : C2.A6.C2 ====
No Hasse subgroups lie inside this maximal subgroup
==== Maximal subgroup : Type C_6 ====
No Hasse subgroups lie inside this maximal subgroup
==== Maximal subgroup : Type C_2, isomorphic to GL_2(ell).2 ====
No Hasse subgroups lie inside this maximal subgroup
==== Maximal subgroup : Type C_3, isomorphic to SL_2(ell^2):2 ====
No Hasse subgroups lie inside this maximal subgroup
==== Maximal subgroup : Type C_3, isomorphic to GU_2(ell).2 ====
No Hasse subgroups lie inside this maximal subgroup
==== Maximal subgroup : Type C_1 (a reducible subgroup) ====
No Hasse subgroups lie inside this maximal subgroup
==== Maximal subgroup : Type C_1 (a reducible subgroup) ====
No Hasse subgroups lie inside this maximal subgroup
==== Maximal subgroup : Type C_2, isomorphic to SL_2(ell)^2 : 2 ====
No Hasse subgroups lie inside this maximal subgroup
===== Prime  61 =====
==== Maximal subgroup : Type S, isomorphic to SL_2(ell) ====
Number of maximal Hasse subgroups: 2
Orders: [ 120, 120 ]
Group structures: [ SL(2,5), SL(2,5) ]
Exponents: [ 60, 60 ]
Element orders: [
    { 1, 2, 3, 4, 5, 6, 10 },
    { 1, 2, 3, 4, 5, 6, 10 }
]
==== Maximal subgroup : C2.A6.C2 ====
Number of maximal Hasse subgroups: 2
Orders: [ 72, 120 ]
Group structures: [ D6:S3, SL(2,5) ]
Exponents: [ 12, 60 ]
Element orders: [
    { 1, 2, 3, 4, 6 },
    { 1, 2, 3, 4, 5, 6, 10 }
]
==== Maximal subgroup : C2.A6.C2 ====
Number of maximal Hasse subgroups: 2
Orders: [ 72, 120 ]
Group structures: [ D6:S3, SL(2,5) ]
Exponents: [ 12, 60 ]
Element orders: [
    { 1, 2, 3, 4, 6 },
    { 1, 2, 3, 4, 5, 6, 10 }
]
==== Maximal subgroup : Type C_6 ====
Number of maximal Hasse subgroups: 2
Orders: [ 96, 160 ]
Group structures: [ D4.A4, (C4.C2^3):C5 ]
Exponents: [ 12, 20 ]
Element orders: [
    { 1, 2, 3, 4, 6, 12 },
    { 1, 2, 4, 5, 10 }
]
==== Maximal subgroup : Type C_3, isomorphic to GU_2(ell).2 ====
No Hasse subgroups lie inside this maximal subgroup
==== Maximal subgroup : Type C_3, isomorphic to SL_2(ell^2):2 ====
No Hasse subgroups lie inside this maximal subgroup
==== Maximal subgroup : Type C_2, isomorphic to GL_2(ell).2 ====
Number of maximal Hasse subgroups: 2
Orders: [ 7200, 7200 ]
Group structures: [ C5^2.(D12.D6), D60.A5 ]
Exponents: [ 60, 60 ]
Element orders: [
    { 1, 2, 3, 4, 5, 6, 10, 12, 15, 20, 30, 60 },
    { 1, 2, 3, 4, 5, 6, 10, 12, 15, 20, 30, 60 }
]
==== Maximal subgroup : Type C_1 (a reducible subgroup) ====
No Hasse subgroups lie inside this maximal subgroup
==== Maximal subgroup : Type C_1 (a reducible subgroup) ====
No Hasse subgroups lie inside this maximal subgroup
==== Maximal subgroup : Type C_2, isomorphic to SL_2(ell)^2 : 2 ====
Number of maximal Hasse subgroups: 3
Orders: [ 480, 480, 7200 ]
Group structures: [ D4.A5, D4.A5, C15^2.D4.C2^2 ]
Exponents: [ 60, 60, 60 ]
Element orders: [
    { 1, 2, 3, 4, 5, 6, 10, 12, 20 },
    { 1, 2, 3, 4, 5, 6, 10, 12, 20 },
    { 1, 2, 3, 4, 5, 6, 10, 12, 15, 20, 30, 60 }
]
===== Prime  67 =====
==== Maximal subgroup : C2.A6 ====
No Hasse subgroups lie inside this maximal subgroup
==== Maximal subgroup : Type S, isomorphic to SL_2(ell) ====
No Hasse subgroups lie inside this maximal subgroup
==== Maximal subgroup : Type C_6 ====
No Hasse subgroups lie inside this maximal subgroup
==== Maximal subgroup : Type C_2, isomorphic to GL_2(ell).2 ====
No Hasse subgroups lie inside this maximal subgroup
==== Maximal subgroup : Type C_3, isomorphic to GU_2(ell).2 ====
No Hasse subgroups lie inside this maximal subgroup
==== Maximal subgroup : Type C_3, isomorphic to SL_2(ell^2):2 ====
No Hasse subgroups lie inside this maximal subgroup
==== Maximal subgroup : Type C_1 (a reducible subgroup) ====
No Hasse subgroups lie inside this maximal subgroup
==== Maximal subgroup : Type C_1 (a reducible subgroup) ====
No Hasse subgroups lie inside this maximal subgroup
==== Maximal subgroup : Type C_2, isomorphic to SL_2(ell)^2 : 2 ====
No Hasse subgroups lie inside this maximal subgroup
===== Prime  71 =====
==== Maximal subgroup : C2.A6.C2 ====
No Hasse subgroups lie inside this maximal subgroup
==== Maximal subgroup : C2.A6.C2 ====
No Hasse subgroups lie inside this maximal subgroup
==== Maximal subgroup : Type S, isomorphic to SL_2(ell) ====
No Hasse subgroups lie inside this maximal subgroup
==== Maximal subgroup : Type C_6 ====
No Hasse subgroups lie inside this maximal subgroup
==== Maximal subgroup : Type C_6 ====
No Hasse subgroups lie inside this maximal subgroup
==== Maximal subgroup : Type C_2, isomorphic to GL_2(ell).2 ====
No Hasse subgroups lie inside this maximal subgroup
==== Maximal subgroup : Type C_3, isomorphic to SL_2(ell^2):2 ====
No Hasse subgroups lie inside this maximal subgroup
==== Maximal subgroup : Type C_3, isomorphic to GU_2(ell).2 ====
No Hasse subgroups lie inside this maximal subgroup
==== Maximal subgroup : Type C_1 (a reducible subgroup) ====
No Hasse subgroups lie inside this maximal subgroup
==== Maximal subgroup : Type C_1 (a reducible subgroup) ====
No Hasse subgroups lie inside this maximal subgroup
==== Maximal subgroup : Type C_2, isomorphic to SL_2(ell)^2 : 2 ====
No Hasse subgroups lie inside this maximal subgroup
===== Prime  73 =====
==== Maximal subgroup : C2.A6.C2 ====
Number of maximal Hasse subgroups: 3
Orders: [ 96, 96, 144 ]
Group structures: [ SL(2,3).C2^2, GL(2,3):C2, C3^2:Q8:C2 ]
Exponents: [ 24, 24, 24 ]
Element orders: [
    { 1, 2, 3, 4, 6, 8, 12 },
    { 1, 2, 3, 4, 6, 8 },
    { 1, 2, 3, 4, 6, 8, 12 }
]
==== Maximal subgroup : C2.A6.C2 ====
Number of maximal Hasse subgroups: 3
Orders: [ 96, 96, 144 ]
Group structures: [ GL(2,3):C2, SL(2,3).C2^2, C3^2:Q8:C2 ]
Exponents: [ 24, 24, 24 ]
Element orders: [
    { 1, 2, 3, 4, 6, 8 },
    { 1, 2, 3, 4, 6, 8, 12 },
    { 1, 2, 3, 4, 6, 8, 12 }
]
==== Maximal subgroup : Type S, isomorphic to SL_2(ell) ====
Number of maximal Hasse subgroups: 2
Orders: [ 48, 48 ]
Group structures: [ C2.S4, C2.S4 ]
Exponents: [ 24, 24 ]
Element orders: [
    { 1, 2, 3, 4, 6, 8 },
    { 1, 2, 3, 4, 6, 8 }
]
==== Maximal subgroup : Type C_6 ====
Number of maximal Hasse subgroups: 2
Orders: [ 384, 768 ]
Group structures: [ Q8.(S3*D4), Q8^2.D6 ]
Exponents: [ 24, 24 ]
Element orders: [
    { 1, 2, 3, 4, 6, 8, 12, 24 },
    { 1, 2, 3, 4, 6, 8, 12 }
]
==== Maximal subgroup : Type C_6 ====
Number of maximal Hasse subgroups: 2
Orders: [ 384, 768 ]
Group structures: [ Q8.(S3*D4), Q8^2.D6 ]
Exponents: [ 24, 24 ]
Element orders: [
    { 1, 2, 3, 4, 6, 8, 12, 24 },
    { 1, 2, 3, 4, 6, 8, 12 }
]
==== Maximal subgroup : Type C_3, isomorphic to GU_2(ell).2 ====
No Hasse subgroups lie inside this maximal subgroup
==== Maximal subgroup : Type C_2, isomorphic to GL_2(ell).2 ====
Number of maximal Hasse subgroups: 2
Orders: [ 10368, 3456 ]
Group structures: [ (C9*C18).D4^2, Q8.(S3*D36) ]
Exponents: [ 72, 72 ]
Element orders: [
    { 1, 2, 3, 4, 6, 8, 9, 12, 18, 24, 36, 72 },
    { 1, 2, 3, 4, 6, 8, 9, 12, 18, 24, 36, 72 }
]
==== Maximal subgroup : Type C_3, isomorphic to SL_2(ell^2):2 ====
No Hasse subgroups lie inside this maximal subgroup
==== Maximal subgroup : Type C_1 (a reducible subgroup) ====
No Hasse subgroups lie inside this maximal subgroup
==== Maximal subgroup : Type C_1 (a reducible subgroup) ====
No Hasse subgroups lie inside this maximal subgroup
==== Maximal subgroup : Type C_2, isomorphic to SL_2(ell)^2 : 2 ====
Number of maximal Hasse subgroups: 5
Orders: [ 2304, 2304, 20736, 20736, 20736 ]
Group structures: [ Q8^2.S3^2, Q8^2.S3^2, C36^2.C2^3.C2, C9^2.Q8^2.C2^2, 
C9^2.Q8^2.C2^2 ]
Exponents: [ 24, 24, 72, 72, 72 ]
Element orders: [
    { 1, 2, 3, 4, 6, 8, 12 },
    { 1, 2, 3, 4, 6, 8, 12 },
    { 1, 2, 3, 4, 6, 8, 9, 12, 18, 24, 36, 72 },
    { 1, 2, 3, 4, 6, 8, 9, 12, 18, 24, 36, 72 },
    { 1, 2, 3, 4, 6, 8, 9, 12, 18, 24, 36, 72 }
]
===== Prime  79 =====
==== Maximal subgroup : C2.A6 ====
No Hasse subgroups lie inside this maximal subgroup
==== Maximal subgroup : Type S, isomorphic to SL_2(ell) ====
No Hasse subgroups lie inside this maximal subgroup
==== Maximal subgroup : Type C_6 ====
No Hasse subgroups lie inside this maximal subgroup
==== Maximal subgroup : Type C_6 ====
No Hasse subgroups lie inside this maximal subgroup
==== Maximal subgroup : Type C_2, isomorphic to GL_2(ell).2 ====
No Hasse subgroups lie inside this maximal subgroup
==== Maximal subgroup : Type C_3, isomorphic to SL_2(ell^2):2 ====
No Hasse subgroups lie inside this maximal subgroup
==== Maximal subgroup : Type C_3, isomorphic to GU_2(ell).2 ====
No Hasse subgroups lie inside this maximal subgroup
==== Maximal subgroup : Type C_1 (a reducible subgroup) ====
No Hasse subgroups lie inside this maximal subgroup
==== Maximal subgroup : Type C_1 (a reducible subgroup) ====
No Hasse subgroups lie inside this maximal subgroup
==== Maximal subgroup : Type C_2, isomorphic to SL_2(ell)^2 : 2 ====
No Hasse subgroups lie inside this maximal subgroup
===== Prime  83 =====
==== Maximal subgroup : Type S, isomorphic to SL_2(ell) ====
No Hasse subgroups lie inside this maximal subgroup
==== Maximal subgroup : C2.A6.C2 ====
No Hasse subgroups lie inside this maximal subgroup
==== Maximal subgroup : C2.A6.C2 ====
No Hasse subgroups lie inside this maximal subgroup
==== Maximal subgroup : Type C_6 ====
No Hasse subgroups lie inside this maximal subgroup
==== Maximal subgroup : Type C_2, isomorphic to GL_2(ell).2 ====
No Hasse subgroups lie inside this maximal subgroup
==== Maximal subgroup : Type C_3, isomorphic to GU_2(ell).2 ====
No Hasse subgroups lie inside this maximal subgroup
==== Maximal subgroup : Type C_1 (a reducible subgroup) ====
No Hasse subgroups lie inside this maximal subgroup
==== Maximal subgroup : Type C_1 (a reducible subgroup) ====
No Hasse subgroups lie inside this maximal subgroup
==== Maximal subgroup : Type C_3, isomorphic to SL_2(ell^2):2 ====
No Hasse subgroups lie inside this maximal subgroup
==== Maximal subgroup : Type C_2, isomorphic to SL_2(ell)^2 : 2 ====
No Hasse subgroups lie inside this maximal subgroup
===== Prime  89 =====
==== Maximal subgroup : C2.A6 ====
Number of maximal Hasse subgroups: 1
Orders: [ 48 ]
Group structures: [ C2.S4 ]
Exponents: [ 24 ]
Element orders: [
    { 1, 2, 3, 4, 6, 8 }
]
==== Maximal subgroup : Type S, isomorphic to SL_2(ell) ====
Number of maximal Hasse subgroups: 2
Orders: [ 48, 48 ]
Group structures: [ C2.S4, C2.S4 ]
Exponents: [ 24, 24 ]
Element orders: [
    { 1, 2, 3, 4, 6, 8 },
    { 1, 2, 3, 4, 6, 8 }
]
==== Maximal subgroup : Type C_6 ====
Number of maximal Hasse subgroups: 1
Orders: [ 256 ]
Group structures: [ C4:Q8.C2^3 ]
Exponents: [ 8 ]
Element orders: [
    { 1, 2, 4, 8 }
]
==== Maximal subgroup : Type C_6 ====
Number of maximal Hasse subgroups: 1
Orders: [ 256 ]
Group structures: [ C2.D4^2.C2 ]
Exponents: [ 8 ]
Element orders: [
    { 1, 2, 4, 8 }
]
==== Maximal subgroup : Type C_2, isomorphic to GL_2(ell).2 ====
Number of maximal Hasse subgroups: 1
Orders: [ 15488 ]
Group structures: [ (C22*C44).C2^4 ]
Exponents: [ 88 ]
Element orders: [
    { 1, 2, 4, 8, 11, 22, 44, 88 }
]
==== Maximal subgroup : Type C_3, isomorphic to GU_2(ell).2 ====
Number of maximal Hasse subgroups: 1
Orders: [ 48 ]
Group structures: [ C2.S4 ]
Exponents: [ 24 ]
Element orders: [
    { 1, 2, 3, 4, 6, 8 }
]
==== Maximal subgroup : Type C_3, isomorphic to SL_2(ell^2):2 ====
No Hasse subgroups lie inside this maximal subgroup
==== Maximal subgroup : Type C_1 (a reducible subgroup) ====
No Hasse subgroups lie inside this maximal subgroup
==== Maximal subgroup : Type C_1 (a reducible subgroup) ====
No Hasse subgroups lie inside this maximal subgroup
==== Maximal subgroup : Type C_2, isomorphic to SL_2(ell)^2 : 2 ====
Number of maximal Hasse subgroups: 3
Orders: [ 30976, 30976, 30976 ]
Group structures: [ C44^2.C2^3.C2, C22^2.C2wrC2^2, C22^2.C2wrC2^2 ]
Exponents: [ 88, 88, 88 ]
Element orders: [
    { 1, 2, 4, 8, 11, 22, 44, 88 },
    { 1, 2, 4, 8, 11, 22, 44, 88 },
    { 1, 2, 4, 8, 11, 22, 44, 88 }
]
===== Prime  97 =====
==== Maximal subgroup : C2.A6.C2 ====
Number of maximal Hasse subgroups: 3
Orders: [ 96, 96, 144 ]
Group structures: [ GL(2,3):C2, SL(2,3).C2^2, C3^2:Q8:C2 ]
Exponents: [ 24, 24, 24 ]
Element orders: [
    { 1, 2, 3, 4, 6, 8 },
    { 1, 2, 3, 4, 6, 8, 12 },
    { 1, 2, 3, 4, 6, 8, 12 }
]
==== Maximal subgroup : C2.A6.C2 ====
Number of maximal Hasse subgroups: 3
Orders: [ 96, 96, 144 ]
Group structures: [ GL(2,3):C2, SL(2,3).C2^2, C3^2:Q8:C2 ]
Exponents: [ 24, 24, 24 ]
Element orders: [
    { 1, 2, 3, 4, 6, 8 },
    { 1, 2, 3, 4, 6, 8, 12 },
    { 1, 2, 3, 4, 6, 8, 12 }
]
==== Maximal subgroup : Type C_6 ====
Number of maximal Hasse subgroups: 2
Orders: [ 384, 768 ]
Group structures: [ Q8.(S3*D4), Q8^2.D6 ]
Exponents: [ 24, 24 ]
Element orders: [
    { 1, 2, 3, 4, 6, 8, 12, 24 },
    { 1, 2, 3, 4, 6, 8, 12 }
]
==== Maximal subgroup : Type C_6 ====
Number of maximal Hasse subgroups: 2
Orders: [ 384, 768 ]
Group structures: [ Q8.(S3*D4), Q8^2.D6 ]
Exponents: [ 24, 24 ]
Element orders: [
    { 1, 2, 3, 4, 6, 8, 12, 24 },
    { 1, 2, 3, 4, 6, 8, 12 }
]
==== Maximal subgroup : Type S, isomorphic to SL_2(ell) ====
Number of maximal Hasse subgroups: 2
Orders: [ 48, 48 ]
Group structures: [ C2.S4, C2.S4 ]
Exponents: [ 24, 24 ]
Element orders: [
    { 1, 2, 3, 4, 6, 8 },
    { 1, 2, 3, 4, 6, 8 }
]
==== Maximal subgroup : Type C_3, isomorphic to GU_2(ell).2 ====
No Hasse subgroups lie inside this maximal subgroup
==== Maximal subgroup : Type C_3, isomorphic to SL_2(ell^2):2 ====
No Hasse subgroups lie inside this maximal subgroup
==== Maximal subgroup : Type C_2, isomorphic to GL_2(ell).2 ====
Number of maximal Hasse subgroups: 2
Orders: [ 18432, 4608 ]
Group structures: [ (C24*C48).C2^4, SL(2,3).D48.C2 ]
Exponents: [ 96, 96 ]
Element orders: [
    { 1, 2, 3, 4, 6, 8, 12, 16, 24, 32, 48, 96 },
    { 1, 2, 3, 4, 6, 8, 12, 16, 24, 32, 48, 96 }
]
==== Maximal subgroup : Type C_1 (a reducible subgroup) ====
No Hasse subgroups lie inside this maximal subgroup
==== Maximal subgroup : Type C_1 (a reducible subgroup) ====
No Hasse subgroups lie inside this maximal subgroup
==== Maximal subgroup : Type C_2, isomorphic to SL_2(ell)^2 : 2 ====
Number of maximal Hasse subgroups: 5
Orders: [ 4608, 4608, 36864, 36864, 36864 ]
Group structures: [ Q8^2.S3wrC2, Q8^2.S3wrC2, C48^2.C2^3.C2, C24^2.C2wrC2^2, 
C48^2.D4.C2 ]
Exponents: [ 48, 48, 96, 96, 96 ]
Element orders: [
    { 1, 2, 3, 4, 6, 8, 12, 16, 24 },
    { 1, 2, 3, 4, 6, 8, 12, 16, 24 },
    { 1, 2, 3, 4, 6, 8, 12, 16, 24, 32, 48, 96 },
    { 1, 2, 3, 4, 6, 8, 12, 16, 24, 32, 48, 96 },
    { 1, 2, 3, 4, 6, 8, 12, 16, 24, 32, 48, 96 }
]
